<!DOCTYPE html PUBLIC "-//W3C//DTD XHTML 1.1//EN" "http://www.w3.org/TR/xhtml11/DTD/xhtml11.dtd">
<html xmlns="http://www.w3.org/1999/xhtml"><head><title>TestNG Report</title><style type="text/css">table {margin-bottom:10px;border-collapse:collapse;empty-cells:show}th,td {border:1px solid #009;padding:.25em .5em}th {vertical-align:bottom}td {vertical-align:top}table a {font-weight:bold}.stripe td {background-color: #E6EBF9}.num {text-align:right}.passedodd td {background-color: #3F3}.passedeven td {background-color: #0A0}.skippedodd td {background-color: #DDD}.skippedeven td {background-color: #CCC}.failedodd td,.attn {background-color: #F33}.failedeven td,.stripe .attn {background-color: #D00}.stacktrace {white-space:pre;font-family:monospace}.totop {font-size:85%;text-align:center;border-bottom:2px solid #000}</style></head><body><table><tr><th>Test</th><th># Passed</th><th># Skipped</th><th># Failed</th><th>Time (ms)</th><th>Included Groups</th><th>Excluded Groups</th></tr><tr><th colspan="7">Default suite</th></tr><tr><td><a href="#t0">Default test</a></td><td class="num">49</td><td class="num">0</td><td class="num attn">8</td><td class="num">125,030</td><td></td><td></td></tr></table><table><thead><tr><th>Class</th><th>Method</th><th>Start</th><th>Time (ms)</th></tr></thead><tbody><tr><th colspan="4">Default suite</th></tr></tbody><tbody id="t0"><tr><th colspan="4">Default test &#8212; failed</th></tr><tr class="failedeven"><td rowspan="8">Selenium.themthanhvien</td><td><a href="#m0">Add_Staff_06</a></td><td rowspan="1">1586314852534</td><td rowspan="1">2080</td></tr><tr class="failedeven"><td><a href="#m1">Add_Staff_08</a></td><td rowspan="1">1586314856844</td><td rowspan="1">2714</td></tr><tr class="failedeven"><td><a href="#m2">Add_Staff_16</a></td><td rowspan="1">1586314875592</td><td rowspan="1">2529</td></tr><tr class="failedeven"><td><a href="#m3">Add_Staff_17</a></td><td rowspan="1">1586314878123</td><td rowspan="1">2094</td></tr><tr class="failedeven"><td><a href="#m4">Add_Staff_22</a></td><td rowspan="1">1586314888528</td><td rowspan="1">2127</td></tr><tr class="failedeven"><td><a href="#m5">Add_Staff_23</a></td><td rowspan="1">1586314890656</td><td rowspan="1">2139</td></tr><tr class="failedeven"><td><a href="#m6">Add_Staff_26</a></td><td rowspan="1">1586314897541</td><td rowspan="1">2046</td></tr><tr class="failedeven"><td><a href="#m7">Add_Staff_28</a></td><td rowspan="1">1586314901740</td><td rowspan="1">2078</td></tr><tr><th colspan="4">Default test &#8212; passed</th></tr><tr class="passedeven"><td rowspan="49">Selenium.themthanhvien</td><td><a href="#m8">Add_Staff_01</a></td><td rowspan="1">1586314844259</td><td rowspan="1">3009</td></tr><tr class="passedeven"><td><a href="#m9">Add_Staff_02</a></td><td rowspan="1">1586314847273</td><td rowspan="1">282</td></tr><tr class="passedeven"><td><a href="#m10">Add_Staff_03</a></td><td rowspan="1">1586314847559</td><td rowspan="1">2260</td></tr><tr class="passedeven"><td><a href="#m11">Add_Staff_04</a></td><td rowspan="1">1586314849821</td><td rowspan="1">1353</td></tr><tr class="passedeven"><td><a href="#m12">Add_Staff_05</a></td><td rowspan="1">1586314851176</td><td rowspan="1">1356</td></tr><tr class="passedeven"><td><a href="#m13">Add_Staff_07</a></td><td rowspan="1">1586314854622</td><td rowspan="1">2219</td></tr><tr class="passedeven"><td><a href="#m14">Add_Staff_09</a></td><td rowspan="1">1586314859569</td><td rowspan="1">2002</td></tr><tr class="passedeven"><td><a href="#m15">Add_Staff_10</a></td><td rowspan="1">1586314861573</td><td rowspan="1">2284</td></tr><tr class="passedeven"><td><a href="#m16">Add_Staff_11</a></td><td rowspan="1">1586314863858</td><td rowspan="1">2196</td></tr><tr class="passedeven"><td><a href="#m17">Add_Staff_12</a></td><td rowspan="1">1586314866055</td><td rowspan="1">2597</td></tr><tr class="passedeven"><td><a href="#m18">Add_Staff_13</a></td><td rowspan="1">1586314868654</td><td rowspan="1">2374</td></tr><tr class="passedeven"><td><a href="#m19">Add_Staff_14</a></td><td rowspan="1">1586314871029</td><td rowspan="1">2162</td></tr><tr class="passedeven"><td><a href="#m20">Add_Staff_15</a></td><td rowspan="1">1586314873193</td><td rowspan="1">2398</td></tr><tr class="passedeven"><td><a href="#m21">Add_Staff_18</a></td><td rowspan="1">1586314880219</td><td rowspan="1">2190</td></tr><tr class="passedeven"><td><a href="#m22">Add_Staff_19</a></td><td rowspan="1">1586314882410</td><td rowspan="1">2078</td></tr><tr class="passedeven"><td><a href="#m23">Add_Staff_20</a></td><td rowspan="1">1586314884489</td><td rowspan="1">1965</td></tr><tr class="passedeven"><td><a href="#m24">Add_Staff_21</a></td><td rowspan="1">1586314886455</td><td rowspan="1">2071</td></tr><tr class="passedeven"><td><a href="#m25">Add_Staff_24</a></td><td rowspan="1">1586314892796</td><td rowspan="1">2316</td></tr><tr class="passedeven"><td><a href="#m26">Add_Staff_25</a></td><td rowspan="1">1586314895113</td><td rowspan="1">2427</td></tr><tr class="passedeven"><td><a href="#m27">Add_Staff_27</a></td><td rowspan="1">1586314899589</td><td rowspan="1">2150</td></tr><tr class="passedeven"><td><a href="#m28">Add_Staff_29</a></td><td rowspan="1">1586314903820</td><td rowspan="1">1269</td></tr><tr class="passedeven"><td><a href="#m29">Add_Staff_30</a></td><td rowspan="1">1586314905090</td><td rowspan="1">1613</td></tr><tr class="passedeven"><td><a href="#m30">Add_Staff_31</a></td><td rowspan="1">1586314906705</td><td rowspan="1">2471</td></tr><tr class="passedeven"><td><a href="#m31">Add_Staff_32</a></td><td rowspan="1">1586314909177</td><td rowspan="1">2002</td></tr><tr class="passedeven"><td><a href="#m32">Add_Staff_33</a></td><td rowspan="1">1586314911181</td><td rowspan="1">766</td></tr><tr class="passedeven"><td><a href="#m33">Add_Staff_34</a></td><td rowspan="1">1586314911948</td><td rowspan="1">2028</td></tr><tr class="passedeven"><td><a href="#m34">Add_Staff_35</a></td><td rowspan="1">1586314913977</td><td rowspan="1">2071</td></tr><tr class="passedeven"><td><a href="#m35">Add_Staff_36</a></td><td rowspan="1">1586314916049</td><td rowspan="1">2061</td></tr><tr class="passedeven"><td><a href="#m36">Add_Staff_37</a></td><td rowspan="1">1586314918112</td><td rowspan="1">2445</td></tr><tr class="passedeven"><td><a href="#m37">Add_Staff_38</a></td><td rowspan="1">1586314920558</td><td rowspan="1">2291</td></tr><tr class="passedeven"><td><a href="#m38">Add_Staff_39</a></td><td rowspan="1">1586314922850</td><td rowspan="1">2242</td></tr><tr class="passedeven"><td><a href="#m39">Add_Staff_40</a></td><td rowspan="1">1586314925093</td><td rowspan="1">2138</td></tr><tr class="passedeven"><td><a href="#m40">Add_Staff_41</a></td><td rowspan="1">1586314927232</td><td rowspan="1">2076</td></tr><tr class="passedeven"><td><a href="#m41">Add_Staff_42</a></td><td rowspan="1">1586314929309</td><td rowspan="1">2315</td></tr><tr class="passedeven"><td><a href="#m42">Add_Staff_43</a></td><td rowspan="1">1586314931625</td><td rowspan="1">645</td></tr><tr class="passedeven"><td><a href="#m43">Add_Staff_44</a></td><td rowspan="1">1586314932271</td><td rowspan="1">2036</td></tr><tr class="passedeven"><td><a href="#m44">Add_Staff_45</a></td><td rowspan="1">1586314934308</td><td rowspan="1">617</td></tr><tr class="passedeven"><td><a href="#m45">Add_Staff_46</a></td><td rowspan="1">1586314934926</td><td rowspan="1">1982</td></tr><tr class="passedeven"><td><a href="#m46">Add_Staff_47</a></td><td rowspan="1">1586314936909</td><td rowspan="1">1931</td></tr><tr class="passedeven"><td><a href="#m47">Add_Staff_48</a></td><td rowspan="1">1586314938841</td><td rowspan="1">2027</td></tr><tr class="passedeven"><td><a href="#m48">Add_Staff_49</a></td><td rowspan="1">1586314940869</td><td rowspan="1">1992</td></tr><tr class="passedeven"><td><a href="#m49">Add_Staff_50</a></td><td rowspan="1">1586314942862</td><td rowspan="1">1914</td></tr><tr class="passedeven"><td><a href="#m50">Add_Staff_51</a></td><td rowspan="1">1586314944776</td><td rowspan="1">1875</td></tr><tr class="passedeven"><td><a href="#m51">Add_Staff_52</a></td><td rowspan="1">1586314946652</td><td rowspan="1">1880</td></tr><tr class="passedeven"><td><a href="#m52">Add_Staff_53</a></td><td rowspan="1">1586314948534</td><td rowspan="1">2118</td></tr><tr class="passedeven"><td><a href="#m53">Add_Staff_54</a></td><td rowspan="1">1586314950653</td><td rowspan="1">2504</td></tr><tr class="passedeven"><td><a href="#m54">Add_Staff_55</a></td><td rowspan="1">1586314953158</td><td rowspan="1">2481</td></tr><tr class="passedeven"><td><a href="#m55">Add_Staff_56</a></td><td rowspan="1">1586314955640</td><td rowspan="1">2670</td></tr><tr class="passedeven"><td><a href="#m56">Add_Staff_57</a></td><td rowspan="1">1586314958311</td><td rowspan="1">2483</td></tr></tbody></table><h2>Default test</h2><h3 id="m0">Selenium.themthanhvien#Add_Staff_06</h3><table class="result"><tr><th>Exception</th></tr><tr><td><div class="stacktrace">java.lang.AssertionError: expected [B?n sai ??nh d?ng Email] but found []
	at org.testng.Assert.fail(Assert.java:94)
	at org.testng.Assert.failNotEquals(Assert.java:513)
	at org.testng.Assert.assertEqualsImpl(Assert.java:135)
	at org.testng.Assert.assertEquals(Assert.java:116)
	at org.testng.Assert.assertEquals(Assert.java:190)
	at org.testng.Assert.assertEquals(Assert.java:200)
	at Selenium.themthanhvien.Add_Staff_06(themthanhvien.java:107)
	at sun.reflect.NativeMethodAccessorImpl.invoke0(Native Method)
	at sun.reflect.NativeMethodAccessorImpl.invoke(Unknown Source)
	at sun.reflect.DelegatingMethodAccessorImpl.invoke(Unknown Source)
	at java.lang.reflect.Method.invoke(Unknown Source)
	at org.testng.internal.MethodInvocationHelper.invokeMethod(MethodInvocationHelper.java:104)
	at org.testng.internal.Invoker.invokeMethod(Invoker.java:645)
	at org.testng.internal.Invoker.invokeTestMethod(Invoker.java:851)
	at org.testng.internal.Invoker.invokeTestMethods(Invoker.java:1177)
	at org.testng.internal.TestMethodWorker.invokeTestMethods(TestMethodWorker.java:129)
	at org.testng.internal.TestMethodWorker.run(TestMethodWorker.java:112)
	at org.testng.TestRunner.privateRun(TestRunner.java:756)
	at org.testng.TestRunner.run(TestRunner.java:610)
	at org.testng.SuiteRunner.runTest(SuiteRunner.java:387)
	at org.testng.SuiteRunner.runSequentially(SuiteRunner.java:382)
	at org.testng.SuiteRunner.privateRun(SuiteRunner.java:340)
	at org.testng.SuiteRunner.run(SuiteRunner.java:289)
	at org.testng.SuiteRunnerWorker.runSuite(SuiteRunnerWorker.java:52)
	at org.testng.SuiteRunnerWorker.run(SuiteRunnerWorker.java:86)
	at org.testng.TestNG.runSuitesSequentially(TestNG.java:1293)
	at org.testng.TestNG.runSuitesLocally(TestNG.java:1218)
	at org.testng.TestNG.runSuites(TestNG.java:1133)
	at org.testng.TestNG.run(TestNG.java:1104)
	at org.testng.remote.AbstractRemoteTestNG.run(AbstractRemoteTestNG.java:132)
	at org.testng.remote.RemoteTestNG.initAndRun(RemoteTestNG.java:236)
	at org.testng.remote.RemoteTestNG.main(RemoteTestNG.java:81)
</div></td></tr></table><p class="totop"><a href="#summary">back to summary</a></p><h3 id="m1">Selenium.themthanhvien#Add_Staff_08</h3><table class="result"><tr><th>Exception</th></tr><tr><td><div class="stacktrace">java.lang.AssertionError: expected [B?n nh?p sai ??nh d?ng Email] but found []
	at org.testng.Assert.fail(Assert.java:94)
	at org.testng.Assert.failNotEquals(Assert.java:513)
	at org.testng.Assert.assertEqualsImpl(Assert.java:135)
	at org.testng.Assert.assertEquals(Assert.java:116)
	at org.testng.Assert.assertEquals(Assert.java:190)
	at org.testng.Assert.assertEquals(Assert.java:200)
	at Selenium.themthanhvien.Add_Staff_08(themthanhvien.java:135)
	at sun.reflect.NativeMethodAccessorImpl.invoke0(Native Method)
	at sun.reflect.NativeMethodAccessorImpl.invoke(Unknown Source)
	at sun.reflect.DelegatingMethodAccessorImpl.invoke(Unknown Source)
	at java.lang.reflect.Method.invoke(Unknown Source)
	at org.testng.internal.MethodInvocationHelper.invokeMethod(MethodInvocationHelper.java:104)
	at org.testng.internal.Invoker.invokeMethod(Invoker.java:645)
	at org.testng.internal.Invoker.invokeTestMethod(Invoker.java:851)
	at org.testng.internal.Invoker.invokeTestMethods(Invoker.java:1177)
	at org.testng.internal.TestMethodWorker.invokeTestMethods(TestMethodWorker.java:129)
	at org.testng.internal.TestMethodWorker.run(TestMethodWorker.java:112)
	at org.testng.TestRunner.privateRun(TestRunner.java:756)
	at org.testng.TestRunner.run(TestRunner.java:610)
	at org.testng.SuiteRunner.runTest(SuiteRunner.java:387)
	at org.testng.SuiteRunner.runSequentially(SuiteRunner.java:382)
	at org.testng.SuiteRunner.privateRun(SuiteRunner.java:340)
	at org.testng.SuiteRunner.run(SuiteRunner.java:289)
	at org.testng.SuiteRunnerWorker.runSuite(SuiteRunnerWorker.java:52)
	at org.testng.SuiteRunnerWorker.run(SuiteRunnerWorker.java:86)
	at org.testng.TestNG.runSuitesSequentially(TestNG.java:1293)
	at org.testng.TestNG.runSuitesLocally(TestNG.java:1218)
	at org.testng.TestNG.runSuites(TestNG.java:1133)
	at org.testng.TestNG.run(TestNG.java:1104)
	at org.testng.remote.AbstractRemoteTestNG.run(AbstractRemoteTestNG.java:132)
	at org.testng.remote.RemoteTestNG.initAndRun(RemoteTestNG.java:236)
	at org.testng.remote.RemoteTestNG.main(RemoteTestNG.java:81)
</div></td></tr></table><p class="totop"><a href="#summary">back to summary</a></p><h3 id="m2">Selenium.themthanhvien#Add_Staff_16</h3><table class="result"><tr><th>Exception</th></tr><tr><td><div class="stacktrace">java.lang.AssertionError: expected [B?n nh?p sai ??nh d?ng Email] but found [Ph?n ??ng tr??c &apos;@&apos; không ???c ch?a &apos; &apos;]
	at org.testng.Assert.fail(Assert.java:94)
	at org.testng.Assert.failNotEquals(Assert.java:513)
	at org.testng.Assert.assertEqualsImpl(Assert.java:135)
	at org.testng.Assert.assertEquals(Assert.java:116)
	at org.testng.Assert.assertEquals(Assert.java:190)
	at org.testng.Assert.assertEquals(Assert.java:200)
	at Selenium.themthanhvien.Add_Staff_16(themthanhvien.java:248)
	at sun.reflect.NativeMethodAccessorImpl.invoke0(Native Method)
	at sun.reflect.NativeMethodAccessorImpl.invoke(Unknown Source)
	at sun.reflect.DelegatingMethodAccessorImpl.invoke(Unknown Source)
	at java.lang.reflect.Method.invoke(Unknown Source)
	at org.testng.internal.MethodInvocationHelper.invokeMethod(MethodInvocationHelper.java:104)
	at org.testng.internal.Invoker.invokeMethod(Invoker.java:645)
	at org.testng.internal.Invoker.invokeTestMethod(Invoker.java:851)
	at org.testng.internal.Invoker.invokeTestMethods(Invoker.java:1177)
	at org.testng.internal.TestMethodWorker.invokeTestMethods(TestMethodWorker.java:129)
	at org.testng.internal.TestMethodWorker.run(TestMethodWorker.java:112)
	at org.testng.TestRunner.privateRun(TestRunner.java:756)
	at org.testng.TestRunner.run(TestRunner.java:610)
	at org.testng.SuiteRunner.runTest(SuiteRunner.java:387)
	at org.testng.SuiteRunner.runSequentially(SuiteRunner.java:382)
	at org.testng.SuiteRunner.privateRun(SuiteRunner.java:340)
	at org.testng.SuiteRunner.run(SuiteRunner.java:289)
	at org.testng.SuiteRunnerWorker.runSuite(SuiteRunnerWorker.java:52)
	at org.testng.SuiteRunnerWorker.run(SuiteRunnerWorker.java:86)
	at org.testng.TestNG.runSuitesSequentially(TestNG.java:1293)
	at org.testng.TestNG.runSuitesLocally(TestNG.java:1218)
	at org.testng.TestNG.runSuites(TestNG.java:1133)
	at org.testng.TestNG.run(TestNG.java:1104)
	at org.testng.remote.AbstractRemoteTestNG.run(AbstractRemoteTestNG.java:132)
	at org.testng.remote.RemoteTestNG.initAndRun(RemoteTestNG.java:236)
	at org.testng.remote.RemoteTestNG.main(RemoteTestNG.java:81)
</div></td></tr></table><p class="totop"><a href="#summary">back to summary</a></p><h3 id="m3">Selenium.themthanhvien#Add_Staff_17</h3><table class="result"><tr><th>Exception</th></tr><tr><td><div class="stacktrace">java.lang.AssertionError: expected [B?n nh?p sai ??nh d?ng Email] but found [Ph?n ??ng tr??c &apos;@&apos; không ???c ch?a &apos;@&apos;]
	at org.testng.Assert.fail(Assert.java:94)
	at org.testng.Assert.failNotEquals(Assert.java:513)
	at org.testng.Assert.assertEqualsImpl(Assert.java:135)
	at org.testng.Assert.assertEquals(Assert.java:116)
	at org.testng.Assert.assertEquals(Assert.java:190)
	at org.testng.Assert.assertEquals(Assert.java:200)
	at Selenium.themthanhvien.Add_Staff_17(themthanhvien.java:262)
	at sun.reflect.NativeMethodAccessorImpl.invoke0(Native Method)
	at sun.reflect.NativeMethodAccessorImpl.invoke(Unknown Source)
	at sun.reflect.DelegatingMethodAccessorImpl.invoke(Unknown Source)
	at java.lang.reflect.Method.invoke(Unknown Source)
	at org.testng.internal.MethodInvocationHelper.invokeMethod(MethodInvocationHelper.java:104)
	at org.testng.internal.Invoker.invokeMethod(Invoker.java:645)
	at org.testng.internal.Invoker.invokeTestMethod(Invoker.java:851)
	at org.testng.internal.Invoker.invokeTestMethods(Invoker.java:1177)
	at org.testng.internal.TestMethodWorker.invokeTestMethods(TestMethodWorker.java:129)
	at org.testng.internal.TestMethodWorker.run(TestMethodWorker.java:112)
	at org.testng.TestRunner.privateRun(TestRunner.java:756)
	at org.testng.TestRunner.run(TestRunner.java:610)
	at org.testng.SuiteRunner.runTest(SuiteRunner.java:387)
	at org.testng.SuiteRunner.runSequentially(SuiteRunner.java:382)
	at org.testng.SuiteRunner.privateRun(SuiteRunner.java:340)
	at org.testng.SuiteRunner.run(SuiteRunner.java:289)
	at org.testng.SuiteRunnerWorker.runSuite(SuiteRunnerWorker.java:52)
	at org.testng.SuiteRunnerWorker.run(SuiteRunnerWorker.java:86)
	at org.testng.TestNG.runSuitesSequentially(TestNG.java:1293)
	at org.testng.TestNG.runSuitesLocally(TestNG.java:1218)
	at org.testng.TestNG.runSuites(TestNG.java:1133)
	at org.testng.TestNG.run(TestNG.java:1104)
	at org.testng.remote.AbstractRemoteTestNG.run(AbstractRemoteTestNG.java:132)
	at org.testng.remote.RemoteTestNG.initAndRun(RemoteTestNG.java:236)
	at org.testng.remote.RemoteTestNG.main(RemoteTestNG.java:81)
</div></td></tr></table><p class="totop"><a href="#summary">back to summary</a></p><h3 id="m4">Selenium.themthanhvien#Add_Staff_22</h3><table class="result"><tr><th>Exception</th></tr><tr><td><div class="stacktrace">java.lang.AssertionError: expected [Password ch? ch?a các kí t? t? A-Z,a-z,0-9] but found []
	at org.testng.Assert.fail(Assert.java:94)
	at org.testng.Assert.failNotEquals(Assert.java:513)
	at org.testng.Assert.assertEqualsImpl(Assert.java:135)
	at org.testng.Assert.assertEquals(Assert.java:116)
	at org.testng.Assert.assertEquals(Assert.java:190)
	at org.testng.Assert.assertEquals(Assert.java:200)
	at Selenium.themthanhvien.Add_Staff_22(themthanhvien.java:332)
	at sun.reflect.NativeMethodAccessorImpl.invoke0(Native Method)
	at sun.reflect.NativeMethodAccessorImpl.invoke(Unknown Source)
	at sun.reflect.DelegatingMethodAccessorImpl.invoke(Unknown Source)
	at java.lang.reflect.Method.invoke(Unknown Source)
	at org.testng.internal.MethodInvocationHelper.invokeMethod(MethodInvocationHelper.java:104)
	at org.testng.internal.Invoker.invokeMethod(Invoker.java:645)
	at org.testng.internal.Invoker.invokeTestMethod(Invoker.java:851)
	at org.testng.internal.Invoker.invokeTestMethods(Invoker.java:1177)
	at org.testng.internal.TestMethodWorker.invokeTestMethods(TestMethodWorker.java:129)
	at org.testng.internal.TestMethodWorker.run(TestMethodWorker.java:112)
	at org.testng.TestRunner.privateRun(TestRunner.java:756)
	at org.testng.TestRunner.run(TestRunner.java:610)
	at org.testng.SuiteRunner.runTest(SuiteRunner.java:387)
	at org.testng.SuiteRunner.runSequentially(SuiteRunner.java:382)
	at org.testng.SuiteRunner.privateRun(SuiteRunner.java:340)
	at org.testng.SuiteRunner.run(SuiteRunner.java:289)
	at org.testng.SuiteRunnerWorker.runSuite(SuiteRunnerWorker.java:52)
	at org.testng.SuiteRunnerWorker.run(SuiteRunnerWorker.java:86)
	at org.testng.TestNG.runSuitesSequentially(TestNG.java:1293)
	at org.testng.TestNG.runSuitesLocally(TestNG.java:1218)
	at org.testng.TestNG.runSuites(TestNG.java:1133)
	at org.testng.TestNG.run(TestNG.java:1104)
	at org.testng.remote.AbstractRemoteTestNG.run(AbstractRemoteTestNG.java:132)
	at org.testng.remote.RemoteTestNG.initAndRun(RemoteTestNG.java:236)
	at org.testng.remote.RemoteTestNG.main(RemoteTestNG.java:81)
</div></td></tr></table><p class="totop"><a href="#summary">back to summary</a></p><h3 id="m5">Selenium.themthanhvien#Add_Staff_23</h3><table class="result"><tr><th>Exception</th></tr><tr><td><div class="stacktrace">java.lang.AssertionError: expected [Password ch? ch?a các kí t? t? A-Z,a-z,0-9] but found []
	at org.testng.Assert.fail(Assert.java:94)
	at org.testng.Assert.failNotEquals(Assert.java:513)
	at org.testng.Assert.assertEqualsImpl(Assert.java:135)
	at org.testng.Assert.assertEquals(Assert.java:116)
	at org.testng.Assert.assertEquals(Assert.java:190)
	at org.testng.Assert.assertEquals(Assert.java:200)
	at Selenium.themthanhvien.Add_Staff_23(themthanhvien.java:346)
	at sun.reflect.NativeMethodAccessorImpl.invoke0(Native Method)
	at sun.reflect.NativeMethodAccessorImpl.invoke(Unknown Source)
	at sun.reflect.DelegatingMethodAccessorImpl.invoke(Unknown Source)
	at java.lang.reflect.Method.invoke(Unknown Source)
	at org.testng.internal.MethodInvocationHelper.invokeMethod(MethodInvocationHelper.java:104)
	at org.testng.internal.Invoker.invokeMethod(Invoker.java:645)
	at org.testng.internal.Invoker.invokeTestMethod(Invoker.java:851)
	at org.testng.internal.Invoker.invokeTestMethods(Invoker.java:1177)
	at org.testng.internal.TestMethodWorker.invokeTestMethods(TestMethodWorker.java:129)
	at org.testng.internal.TestMethodWorker.run(TestMethodWorker.java:112)
	at org.testng.TestRunner.privateRun(TestRunner.java:756)
	at org.testng.TestRunner.run(TestRunner.java:610)
	at org.testng.SuiteRunner.runTest(SuiteRunner.java:387)
	at org.testng.SuiteRunner.runSequentially(SuiteRunner.java:382)
	at org.testng.SuiteRunner.privateRun(SuiteRunner.java:340)
	at org.testng.SuiteRunner.run(SuiteRunner.java:289)
	at org.testng.SuiteRunnerWorker.runSuite(SuiteRunnerWorker.java:52)
	at org.testng.SuiteRunnerWorker.run(SuiteRunnerWorker.java:86)
	at org.testng.TestNG.runSuitesSequentially(TestNG.java:1293)
	at org.testng.TestNG.runSuitesLocally(TestNG.java:1218)
	at org.testng.TestNG.runSuites(TestNG.java:1133)
	at org.testng.TestNG.run(TestNG.java:1104)
	at org.testng.remote.AbstractRemoteTestNG.run(AbstractRemoteTestNG.java:132)
	at org.testng.remote.RemoteTestNG.initAndRun(RemoteTestNG.java:236)
	at org.testng.remote.RemoteTestNG.main(RemoteTestNG.java:81)
</div></td></tr></table><p class="totop"><a href="#summary">back to summary</a></p><h3 id="m6">Selenium.themthanhvien#Add_Staff_26</h3><table class="result"><tr><th>Exception</th></tr><tr><td><div class="stacktrace">java.lang.AssertionError: expected [Password ch? ch?a các kí t? t? A-Z,a-z,0-9] but found []
	at org.testng.Assert.fail(Assert.java:94)
	at org.testng.Assert.failNotEquals(Assert.java:513)
	at org.testng.Assert.assertEqualsImpl(Assert.java:135)
	at org.testng.Assert.assertEquals(Assert.java:116)
	at org.testng.Assert.assertEquals(Assert.java:190)
	at org.testng.Assert.assertEquals(Assert.java:200)
	at Selenium.themthanhvien.Add_Staff_26(themthanhvien.java:388)
	at sun.reflect.NativeMethodAccessorImpl.invoke0(Native Method)
	at sun.reflect.NativeMethodAccessorImpl.invoke(Unknown Source)
	at sun.reflect.DelegatingMethodAccessorImpl.invoke(Unknown Source)
	at java.lang.reflect.Method.invoke(Unknown Source)
	at org.testng.internal.MethodInvocationHelper.invokeMethod(MethodInvocationHelper.java:104)
	at org.testng.internal.Invoker.invokeMethod(Invoker.java:645)
	at org.testng.internal.Invoker.invokeTestMethod(Invoker.java:851)
	at org.testng.internal.Invoker.invokeTestMethods(Invoker.java:1177)
	at org.testng.internal.TestMethodWorker.invokeTestMethods(TestMethodWorker.java:129)
	at org.testng.internal.TestMethodWorker.run(TestMethodWorker.java:112)
	at org.testng.TestRunner.privateRun(TestRunner.java:756)
	at org.testng.TestRunner.run(TestRunner.java:610)
	at org.testng.SuiteRunner.runTest(SuiteRunner.java:387)
	at org.testng.SuiteRunner.runSequentially(SuiteRunner.java:382)
	at org.testng.SuiteRunner.privateRun(SuiteRunner.java:340)
	at org.testng.SuiteRunner.run(SuiteRunner.java:289)
	at org.testng.SuiteRunnerWorker.runSuite(SuiteRunnerWorker.java:52)
	at org.testng.SuiteRunnerWorker.run(SuiteRunnerWorker.java:86)
	at org.testng.TestNG.runSuitesSequentially(TestNG.java:1293)
	at org.testng.TestNG.runSuitesLocally(TestNG.java:1218)
	at org.testng.TestNG.runSuites(TestNG.java:1133)
	at org.testng.TestNG.run(TestNG.java:1104)
	at org.testng.remote.AbstractRemoteTestNG.run(AbstractRemoteTestNG.java:132)
	at org.testng.remote.RemoteTestNG.initAndRun(RemoteTestNG.java:236)
	at org.testng.remote.RemoteTestNG.main(RemoteTestNG.java:81)
</div></td></tr></table><p class="totop"><a href="#summary">back to summary</a></p><h3 id="m7">Selenium.themthanhvien#Add_Staff_28</h3><table class="result"><tr><th>Exception</th></tr><tr><td><div class="stacktrace">java.lang.AssertionError: expected [Password ch? ch?a các kí t? t? A-Z,a-z,0-9] but found []
	at org.testng.Assert.fail(Assert.java:94)
	at org.testng.Assert.failNotEquals(Assert.java:513)
	at org.testng.Assert.assertEqualsImpl(Assert.java:135)
	at org.testng.Assert.assertEquals(Assert.java:116)
	at org.testng.Assert.assertEquals(Assert.java:190)
	at org.testng.Assert.assertEquals(Assert.java:200)
	at Selenium.themthanhvien.Add_Staff_28(themthanhvien.java:416)
	at sun.reflect.NativeMethodAccessorImpl.invoke0(Native Method)
	at sun.reflect.NativeMethodAccessorImpl.invoke(Unknown Source)
	at sun.reflect.DelegatingMethodAccessorImpl.invoke(Unknown Source)
	at java.lang.reflect.Method.invoke(Unknown Source)
	at org.testng.internal.MethodInvocationHelper.invokeMethod(MethodInvocationHelper.java:104)
	at org.testng.internal.Invoker.invokeMethod(Invoker.java:645)
	at org.testng.internal.Invoker.invokeTestMethod(Invoker.java:851)
	at org.testng.internal.Invoker.invokeTestMethods(Invoker.java:1177)
	at org.testng.internal.TestMethodWorker.invokeTestMethods(TestMethodWorker.java:129)
	at org.testng.internal.TestMethodWorker.run(TestMethodWorker.java:112)
	at org.testng.TestRunner.privateRun(TestRunner.java:756)
	at org.testng.TestRunner.run(TestRunner.java:610)
	at org.testng.SuiteRunner.runTest(SuiteRunner.java:387)
	at org.testng.SuiteRunner.runSequentially(SuiteRunner.java:382)
	at org.testng.SuiteRunner.privateRun(SuiteRunner.java:340)
	at org.testng.SuiteRunner.run(SuiteRunner.java:289)
	at org.testng.SuiteRunnerWorker.runSuite(SuiteRunnerWorker.java:52)
	at org.testng.SuiteRunnerWorker.run(SuiteRunnerWorker.java:86)
	at org.testng.TestNG.runSuitesSequentially(TestNG.java:1293)
	at org.testng.TestNG.runSuitesLocally(TestNG.java:1218)
	at org.testng.TestNG.runSuites(TestNG.java:1133)
	at org.testng.TestNG.run(TestNG.java:1104)
	at org.testng.remote.AbstractRemoteTestNG.run(AbstractRemoteTestNG.java:132)
	at org.testng.remote.RemoteTestNG.initAndRun(RemoteTestNG.java:236)
	at org.testng.remote.RemoteTestNG.main(RemoteTestNG.java:81)
</div></td></tr></table><p class="totop"><a href="#summary">back to summary</a></p><h3 id="m8">Selenium.themthanhvien#Add_Staff_01</h3><table class="result"></table><p class="totop"><a href="#summary">back to summary</a></p><h3 id="m9">Selenium.themthanhvien#Add_Staff_02</h3><table class="result"></table><p class="totop"><a href="#summary">back to summary</a></p><h3 id="m10">Selenium.themthanhvien#Add_Staff_03</h3><table class="result"></table><p class="totop"><a href="#summary">back to summary</a></p><h3 id="m11">Selenium.themthanhvien#Add_Staff_04</h3><table class="result"></table><p class="totop"><a href="#summary">back to summary</a></p><h3 id="m12">Selenium.themthanhvien#Add_Staff_05</h3><table class="result"></table><p class="totop"><a href="#summary">back to summary</a></p><h3 id="m13">Selenium.themthanhvien#Add_Staff_07</h3><table class="result"></table><p class="totop"><a href="#summary">back to summary</a></p><h3 id="m14">Selenium.themthanhvien#Add_Staff_09</h3><table class="result"></table><p class="totop"><a href="#summary">back to summary</a></p><h3 id="m15">Selenium.themthanhvien#Add_Staff_10</h3><table class="result"></table><p class="totop"><a href="#summary">back to summary</a></p><h3 id="m16">Selenium.themthanhvien#Add_Staff_11</h3><table class="result"></table><p class="totop"><a href="#summary">back to summary</a></p><h3 id="m17">Selenium.themthanhvien#Add_Staff_12</h3><table class="result"></table><p class="totop"><a href="#summary">back to summary</a></p><h3 id="m18">Selenium.themthanhvien#Add_Staff_13</h3><table class="result"></table><p class="totop"><a href="#summary">back to summary</a></p><h3 id="m19">Selenium.themthanhvien#Add_Staff_14</h3><table class="result"></table><p class="totop"><a href="#summary">back to summary</a></p><h3 id="m20">Selenium.themthanhvien#Add_Staff_15</h3><table class="result"></table><p class="totop"><a href="#summary">back to summary</a></p><h3 id="m21">Selenium.themthanhvien#Add_Staff_18</h3><table class="result"></table><p class="totop"><a href="#summary">back to summary</a></p><h3 id="m22">Selenium.themthanhvien#Add_Staff_19</h3><table class="result"></table><p class="totop"><a href="#summary">back to summary</a></p><h3 id="m23">Selenium.themthanhvien#Add_Staff_20</h3><table class="result"></table><p class="totop"><a href="#summary">back to summary</a></p><h3 id="m24">Selenium.themthanhvien#Add_Staff_21</h3><table class="result"></table><p class="totop"><a href="#summary">back to summary</a></p><h3 id="m25">Selenium.themthanhvien#Add_Staff_24</h3><table class="result"></table><p class="totop"><a href="#summary">back to summary</a></p><h3 id="m26">Selenium.themthanhvien#Add_Staff_25</h3><table class="result"></table><p class="totop"><a href="#summary">back to summary</a></p><h3 id="m27">Selenium.themthanhvien#Add_Staff_27</h3><table class="result"></table><p class="totop"><a href="#summary">back to summary</a></p><h3 id="m28">Selenium.themthanhvien#Add_Staff_29</h3><table class="result"></table><p class="totop"><a href="#summary">back to summary</a></p><h3 id="m29">Selenium.themthanhvien#Add_Staff_30</h3><table class="result"></table><p class="totop"><a href="#summary">back to summary</a></p><h3 id="m30">Selenium.themthanhvien#Add_Staff_31</h3><table class="result"></table><p class="totop"><a href="#summary">back to summary</a></p><h3 id="m31">Selenium.themthanhvien#Add_Staff_32</h3><table class="result"></table><p class="totop"><a href="#summary">back to summary</a></p><h3 id="m32">Selenium.themthanhvien#Add_Staff_33</h3><table class="result"></table><p class="totop"><a href="#summary">back to summary</a></p><h3 id="m33">Selenium.themthanhvien#Add_Staff_34</h3><table class="result"></table><p class="totop"><a href="#summary">back to summary</a></p><h3 id="m34">Selenium.themthanhvien#Add_Staff_35</h3><table class="result"></table><p class="totop"><a href="#summary">back to summary</a></p><h3 id="m35">Selenium.themthanhvien#Add_Staff_36</h3><table class="result"></table><p class="totop"><a href="#summary">back to summary</a></p><h3 id="m36">Selenium.themthanhvien#Add_Staff_37</h3><table class="result"></table><p class="totop"><a href="#summary">back to summary</a></p><h3 id="m37">Selenium.themthanhvien#Add_Staff_38</h3><table class="result"></table><p class="totop"><a href="#summary">back to summary</a></p><h3 id="m38">Selenium.themthanhvien#Add_Staff_39</h3><table class="result"></table><p class="totop"><a href="#summary">back to summary</a></p><h3 id="m39">Selenium.themthanhvien#Add_Staff_40</h3><table class="result"></table><p class="totop"><a href="#summary">back to summary</a></p><h3 id="m40">Selenium.themthanhvien#Add_Staff_41</h3><table class="result"></table><p class="totop"><a href="#summary">back to summary</a></p><h3 id="m41">Selenium.themthanhvien#Add_Staff_42</h3><table class="result"></table><p class="totop"><a href="#summary">back to summary</a></p><h3 id="m42">Selenium.themthanhvien#Add_Staff_43</h3><table class="result"></table><p class="totop"><a href="#summary">back to summary</a></p><h3 id="m43">Selenium.themthanhvien#Add_Staff_44</h3><table class="result"></table><p class="totop"><a href="#summary">back to summary</a></p><h3 id="m44">Selenium.themthanhvien#Add_Staff_45</h3><table class="result"></table><p class="totop"><a href="#summary">back to summary</a></p><h3 id="m45">Selenium.themthanhvien#Add_Staff_46</h3><table class="result"></table><p class="totop"><a href="#summary">back to summary</a></p><h3 id="m46">Selenium.themthanhvien#Add_Staff_47</h3><table class="result"></table><p class="totop"><a href="#summary">back to summary</a></p><h3 id="m47">Selenium.themthanhvien#Add_Staff_48</h3><table class="result"></table><p class="totop"><a href="#summary">back to summary</a></p><h3 id="m48">Selenium.themthanhvien#Add_Staff_49</h3><table class="result"></table><p class="totop"><a href="#summary">back to summary</a></p><h3 id="m49">Selenium.themthanhvien#Add_Staff_50</h3><table class="result"></table><p class="totop"><a href="#summary">back to summary</a></p><h3 id="m50">Selenium.themthanhvien#Add_Staff_51</h3><table class="result"></table><p class="totop"><a href="#summary">back to summary</a></p><h3 id="m51">Selenium.themthanhvien#Add_Staff_52</h3><table class="result"></table><p class="totop"><a href="#summary">back to summary</a></p><h3 id="m52">Selenium.themthanhvien#Add_Staff_53</h3><table class="result"></table><p class="totop"><a href="#summary">back to summary</a></p><h3 id="m53">Selenium.themthanhvien#Add_Staff_54</h3><table class="result"></table><p class="totop"><a href="#summary">back to summary</a></p><h3 id="m54">Selenium.themthanhvien#Add_Staff_55</h3><table class="result"></table><p class="totop"><a href="#summary">back to summary</a></p><h3 id="m55">Selenium.themthanhvien#Add_Staff_56</h3><table class="result"></table><p class="totop"><a href="#summary">back to summary</a></p><h3 id="m56">Selenium.themthanhvien#Add_Staff_57</h3><table class="result"></table><p class="totop"><a href="#summary">back to summary</a></p></body></html>